GROUP,PACKAGE,CLASS,INSTRUCTION_MISSED,INSTRUCTION_COVERED,BRANCH_MISSED,BRANCH_COVERED,LINE_MISSED,LINE_COVERED,COMPLEXITY_MISSED,COMPLEXITY_COVERED,METHOD_MISSED,METHOD_COVERED
auth-service,com.gmp.auth.init,UserInitializer,793,0,26,0,81,0,25,0,12,0
auth-service,com.gmp.auth.init,RolePermissionInitializer.PermissionData,21,0,0,0,8,0,1,0,1,0
auth-service,com.gmp.auth.init,SubsystemPermissionInitializer,20,0,0,0,8,0,3,0,3,0
auth-service,com.gmp.auth.init,AuthSystemApplicationInitializer,33,0,0,0,12,0,3,0,3,0
auth-service,com.gmp.auth.init,UserInitializer.UserData,24,0,0,0,9,0,1,0,1,0
auth-service,com.gmp.auth.init,RolePermissionInitializer,1876,0,20,0,217,0,32,0,22,0
auth-service,com.gmp.auth.init,RolePermissionInitializer.RoleData,18,0,0,0,7,0,1,0,1,0
auth-service,com.gmp.auth.init,OrganizationStructureInitializer,35,0,0,0,12,0,2,0,2,0
auth-service,com.gmp.auth.init,UserInitializer.UserOrgRoleData,12,0,0,0,5,0,1,0,1,0
auth-service,com.gmp.auth.entity,OperationLog.Builder,111,0,0,0,32,0,16,0,16,0
auth-service,com.gmp.auth.entity,UserRole.UserRoleBuilder,26,68,0,2,0,1,2,10,2,9
auth-service,com.gmp.auth.entity,User.UserStatus,0,42,0,0,0,9,0,3,0,3
auth-service,com.gmp.auth.entity,Organization,733,176,151,17,6,24,103,33,27,25
auth-service,com.gmp.auth.entity,Role.RoleBuilder,43,96,0,4,0,1,4,13,4,11
auth-service,com.gmp.auth.entity,RolePermission.RolePermissionBuilder,102,0,2,0,1,0,13,0,12,0
auth-service,com.gmp.auth.entity,Role,487,117,103,5,4,15,71,17,19,15
auth-service,com.gmp.auth.entity,Organization.OrganizationBuilder,53,173,0,10,0,1,3,23,3,18
auth-service,com.gmp.auth.entity,OperationLog.Result,28,0,0,0,7,0,3,0,3,0
auth-service,com.gmp.auth.entity,Organization.OrganizationType,0,84,0,0,0,15,0,3,0,3
auth-service,com.gmp.auth.entity,Organization.OrganizationStatus,0,49,0,0,0,10,0,3,0,3
auth-service,com.gmp.auth.entity,SubsystemPermission.SubsystemPermissionBuilder,94,0,0,0,1,0,12,0,12,0
auth-service,com.gmp.auth.entity,Permission.PermissionBuilder,52,105,0,4,0,1,5,14,5,12
auth-service,com.gmp.auth.entity,UserOrganizationRole.UserOrganizationRoleBuilder,272,0,8,0,1,0,31,0,27,0
auth-service,com.gmp.auth.entity,RolePermission,449,0,78,0,15,0,66,0,27,0
auth-service,com.gmp.auth.entity,OperationLog.Module,49,0,0,0,10,0,3,0,3,0
auth-service,com.gmp.auth.entity,UserRole,321,107,71,9,2,19,46,20,10,16
auth-service,com.gmp.auth.entity,OperationLog.OperationType,98,0,0,0,17,0,3,0,3,0
auth-service,com.gmp.auth.entity,Permission.ResourceType,27,0,0,0,5,0,1,0,1,0
auth-service,com.gmp.auth.entity,User.UserBuilder,109,136,0,6,0,1,12,16,12,13
auth-service,com.gmp.auth.entity,OperationLog,244,0,10,0,96,0,40,0,35,0
auth-service,com.gmp.auth.entity,User,897,277,187,15,36,49,132,46,37,40
auth-service,com.gmp.auth.entity,Permission,573,155,122,20,5,21,85,25,22,17
auth-service,com.gmp.auth.entity,Subsystem,103,0,22,0,22,0,21,0,10,0
auth-service,com.gmp.auth.entity,UserOrganizationRole,1229,0,226,0,52,0,177,0,64,0
auth-service,com.gmp.auth.entity,SubsystemPermission,224,0,26,0,23,0,41,0,28,0
auth-service,com.gmp.auth.entity,UserOrganizationRole.AssignmentStatus,73,0,4,0,13,0,6,0,4,0
auth-service,com.gmp.auth.dto,MfaEnableRequest,155,0,30,0,4,0,26,0,11,0
auth-service,com.gmp.auth.dto,ApiResponse,202,98,42,0,0,20,29,14,8,14
auth-service,com.gmp.auth.dto,MfaVerifyRequest,112,3,22,0,2,1,19,1,8,1
auth-service,com.gmp.auth.dto,PasswordResetRequest,195,0,38,0,5,0,32,0,13,0
auth-service,com.gmp.auth.dto,AssignRoleRequest,155,0,30,0,4,0,26,0,11,0
auth-service,com.gmp.auth.dto,TokenResponse,9,18,0,0,3,8,3,4,3,4
auth-service,com.gmp.auth.dto,CreateUserRequest,222,0,42,0,6,0,36,0,15,0
auth-service,com.gmp.auth.dto,LoginResponse,64,39,1,1,26,17,20,9,19,9
auth-service,com.gmp.auth.dto,LoginRequest,29,28,0,0,14,9,7,8,7,8
auth-service,com.gmp.auth.dto,PasswordChangeRequest,21,6,0,0,9,2,6,2,6,2
auth-service,com.gmp.auth.exception,InvalidSessionException,9,0,0,0,4,0,2,0,2,0
auth-service,com.gmp.auth.exception,AccountDisabledException,9,0,0,0,4,0,2,0,2,0
auth-service,com.gmp.auth.exception,TokenException.ExpiredTokenException,4,4,0,0,2,2,1,1,1,1
auth-service,com.gmp.auth.exception,TokenException.UnsupportedTokenException,4,0,0,0,2,0,1,0,1,0
auth-service,com.gmp.auth.exception,GlobalExceptionHandler.ErrorResponse,4,68,0,0,2,26,1,13,1,13
auth-service,com.gmp.auth.exception,AccountLockedException,9,0,0,0,4,0,2,0,2,0
auth-service,com.gmp.auth.exception,TokenException.RevokedTokenException,4,0,0,0,2,0,1,0,1,0
auth-service,com.gmp.auth.exception,TokenException,5,4,0,0,2,2,1,1,1,1
auth-service,com.gmp.auth.exception,TokenException.SignatureException,4,0,0,0,2,0,1,0,1,0
auth-service,com.gmp.auth.exception,GlobalExceptionHandler,61,108,0,6,13,26,3,9,3,6
auth-service,com.gmp.auth.exception,AuthenticationException,9,0,0,0,4,0,2,0,2,0
auth-service,com.gmp.auth.exception,InvalidRecoveryCodeException,9,0,0,0,4,0,2,0,2,0
auth-service,com.gmp.auth.exception,BusinessException,34,0,0,0,14,0,6,0,6,0
auth-service,com.gmp.auth.exception,TokenException.InvalidTokenException,4,4,0,0,2,2,1,1,1,1
auth-service,com.gmp.auth.exception,InvalidMfaCodeException,9,0,0,0,4,0,2,0,2,0
auth-service,com.gmp.auth.exception,InvalidTokenException,9,0,0,0,4,0,2,0,2,0
auth-service,com.gmp.auth.exception,InvalidPasswordException,9,0,0,0,4,0,2,0,2,0
auth-service,com.gmp.auth.exception,MfaNotEnabledException,9,0,0,0,4,0,2,0,2,0
auth-service,com.gmp.auth,AuthApplication,8,0,0,0,3,0,2,0,2,0
auth-service,com.gmp.auth.test,AuthSystemTestExecutor,529,0,22,0,112,0,30,0,19,0
auth-service,com.gmp.auth.test,AuthTestErrorHandler.ErrorRecord,33,0,0,0,12,0,6,0,6,0
auth-service,com.gmp.auth.test,AuthTestErrorHandler.ErrorType,51,0,0,0,9,0,1,0,1,0
auth-service,com.gmp.auth.test,AuthTestErrorHandler,494,0,43,0,113,0,37,0,14,0
auth-service,com.gmp.auth.test,AuthSystemTestScript,303,0,14,0,88,0,21,0,14,0
auth-service,com.gmp.auth.test,AuthSystemTestExecutor.TestExecutorStatus,27,0,0,0,10,0,5,0,5,0
auth-service,com.gmp.auth.test,AuthTestErrorHandler.TestExecutionException,25,0,0,0,10,0,4,0,4,0
auth-service,com.gmp.auth.test,AuthSystemTestExecutor.TestMethodInfo,15,0,0,0,6,0,3,0,3,0
auth-service,com.gmp.auth.test,AuthTestErrorHandler.TestStatus,62,0,4,0,18,0,15,0,13,0
auth-service,com.gmp.auth.test,AuthSystemCommandLineRunner,135,0,4,0,37,0,7,0,5,0
auth-service,com.gmp.auth.interceptor,SubsystemAccessInterceptor,311,0,42,0,60,0,29,0,8,0
auth-service,com.gmp.auth.config,JwtConfig,353,0,12,0,91,0,24,0,18,0
auth-service,com.gmp.auth.config,SecurityConfig,0,8,0,0,0,2,0,2,0,2
auth-service,com.gmp.auth.config,AuthSystemConfig,7,0,0,0,2,0,2,0,2,0
auth-service,com.gmp.auth.config,AuthSystemProperties,173,0,30,0,4,0,26,0,11,0
auth-service,com.gmp.auth.config,JwtProperties,53,0,0,0,21,0,11,0,11,0
auth-service,com.gmp.auth.config,WebConfig,58,0,0,0,10,0,2,0,2,0
auth-service,com.gmp.auth.config,RedisConfig,0,34,0,0,0,10,0,2,0,2
auth-service,com.gmp.auth.config,PasswordPolicyConfig,123,0,0,0,49,0,25,0,25,0
auth-service,com.gmp.auth.config,AuthSystemProperties.Initialization,95,0,14,0,3,0,16,0,9,0
auth-service,com.gmp.auth.config,AuthSystemProperties.Jwt,254,0,46,0,6,0,38,0,15,0
auth-service,com.gmp.auth.config,RedisCacheConfig,75,0,0,0,25,0,3,0,3,0
auth-service,com.gmp.auth.model,UserPasswordHistory,209,0,38,0,12,0,34,0,15,0
auth-service,com.gmp.auth.model,CustomUserDetails,87,0,6,0,23,0,16,0,13,0
auth-service,com.gmp.auth.model,PasswordChangeRequest,155,0,30,0,4,0,26,0,11,0
auth-service,com.gmp.auth.controller,SubsystemController,371,0,0,0,85,0,18,0,18,0
auth-service,com.gmp.auth.controller,AuthController,267,0,12,0,61,0,18,0,12,0
auth-service,com.gmp.auth.controller,PasswordController,123,0,8,0,28,0,9,0,5,0
auth-service,com.gmp.auth.service,PasswordPolicyService,128,16,24,0,31,5,21,1,9,1
auth-service,com.gmp.auth.service,MfaService,247,0,10,0,42,0,15,0,10,0
auth-service,com.gmp.auth.service,MfaSessionManager.MfaSession,48,0,2,0,15,0,9,0,8,0
auth-service,com.gmp.auth.service,MfaSessionManager,86,0,10,0,24,0,12,0,7,0
auth-service,com.gmp.auth.service.impl,UserOrganizationRoleServiceImpl,739,0,78,0,155,0,67,0,28,0
auth-service,com.gmp.auth.service.impl,UserRoleServiceImpl,36,53,4,0,10,13,3,9,1,9
auth-service,com.gmp.auth.service.impl,UserPasswordHistoryServiceImpl,32,0,0,0,10,0,7,0,7,0
auth-service,com.gmp.auth.service.impl,SubsystemServiceImpl,96,0,0,0,28,0,23,0,23,0
auth-service,com.gmp.auth.service.impl,AuthServiceImpl,945,367,97,31,190,83,91,21,30,18
auth-service,com.gmp.auth.service.impl,RolePermissionServiceImpl,124,0,4,0,30,0,15,0,13,0
auth-service,com.gmp.auth.service.impl,AuditLogServiceImpl,701,0,32,0,179,0,41,0,25,0
auth-service,com.gmp.auth.service.impl,TokenBlacklistServiceImpl,104,0,10,0,31,0,12,0,7,0
auth-service,com.gmp.auth.util,PasswordEncoder,11,0,0,0,3,0,3,0,3,0
auth-service,com.gmp.auth.util,JwtUtil,83,245,3,9,23,63,4,21,1,18
auth-service,com.gmp.auth.util,JwtTokenProvider,60,0,16,0,13,0,17,0,9,0
auth-service,com.gmp.auth.util,MfaSessionManager,15,0,4,0,3,0,5,0,3,0
auth-service,com.gmp.auth.util,TotpUtils,19,0,4,0,4,0,6,0,4,0
